<?xml version="1.0" encoding="UTF-8"?>
<testng-results ignored="0" total="2" passed="2" failed="0" skipped="0">
  <reporter-output>
  </reporter-output>
  <suite started-at="2025-04-04T23:52:14 IST" name="Data Driven Framework" finished-at="2025-04-04T23:52:27 IST" duration-ms="13190">
    <groups>
    </groups>
    <test started-at="2025-04-04T23:52:14 IST" name="Bank Manager Login Test" finished-at="2025-04-04T23:52:17 IST" duration-ms="3012">
      <class name="com.w2a.testcases.BankManagerLoginTest">
        <test-method signature="loginAsBankManager()[pri:0, instance:com.w2a.testcases.BankManagerLoginTest@491b9b8]" started-at="2025-04-04T23:52:14 IST" name="loginAsBankManager" finished-at="2025-04-04T23:52:17 IST" duration-ms="2738" status="PASS">
          <reporter-output>
          </reporter-output>
        </test-method> <!-- loginAsBankManager -->
      </class> <!-- com.w2a.testcases.BankManagerLoginTest -->
    </test> <!-- Bank Manager Login Test -->
    <test started-at="2025-04-04T23:52:17 IST" name="Add Customer Test" finished-at="2025-04-04T23:52:27 IST" duration-ms="10128">
      <class name="com.w2a.testcases.AddCustomerTest">
        <test-method is-config="true" signature="setup()[pri:0, instance:com.w2a.testcases.AddCustomerTest@660acfb]" started-at="2025-04-04T23:52:02 IST" name="setup" finished-at="2025-04-04T23:52:14 IST" duration-ms="12564" status="PASS">
          <reporter-output>
          </reporter-output>
        </test-method> <!-- setup -->
        <test-method signature="addCustomer(java.lang.String,java.lang.String,java.lang.String,java.lang.String)[pri:0, instance:com.w2a.testcases.AddCustomerTest@660acfb]" started-at="2025-04-04T23:52:19 IST" name="addCustomer" data-provider="getData" finished-at="2025-04-04T23:52:27 IST" duration-ms="7823" status="PASS">
          <params>
            <param index="0">
              <value>
                <![CDATA[sachin]]>
              </value>
            </param>
            <param index="1">
              <value>
                <![CDATA[pawar]]>
              </value>
            </param>
            <param index="2">
              <value>
                <![CDATA[12456]]>
              </value>
            </param>
            <param index="3">
              <value>
                <![CDATA[Customer added successfully]]>
              </value>
            </param>
          </params>
          <reporter-output>
          </reporter-output>
        </test-method> <!-- addCustomer -->
        <test-method is-config="true" signature="teardown()[pri:0, instance:com.w2a.testcases.AddCustomerTest@660acfb]" started-at="2025-04-04T23:52:27 IST" name="teardown" finished-at="2025-04-04T23:52:29 IST" duration-ms="1938" status="PASS">
          <reporter-output>
          </reporter-output>
        </test-method> <!-- teardown -->
      </class> <!-- com.w2a.testcases.AddCustomerTest -->
    </test> <!-- Add Customer Test -->
  </suite> <!-- Data Driven Framework -->
</testng-results>
