<?xml version="1.0" encoding="UTF-8"?>
<testng-results ignored="0" total="2" passed="2" failed="0" skipped="0">
  <reporter-output>
  </reporter-output>
  <suite started-at="2025-04-01T17:51:14 IST" name="Data Driven Framework" finished-at="2025-04-01T17:51:31 IST" duration-ms="17538">
    <groups>
    </groups>
    <test started-at="2025-04-01T17:51:14 IST" name="Bank Manager Login Test" finished-at="2025-04-01T17:51:18 IST" duration-ms="4342">
      <class name="com.w2a.testcases.BankManagerLoginTest">
        <test-method signature="loginAsBankManager()[pri:0, instance:com.w2a.testcases.BankManagerLoginTest@264f218]" started-at="2025-04-01T17:51:14 IST" name="loginAsBankManager" finished-at="2025-04-01T17:51:18 IST" duration-ms="4274" status="PASS">
          <reporter-output>
          </reporter-output>
        </test-method> <!-- loginAsBankManager -->
      </class> <!-- com.w2a.testcases.BankManagerLoginTest -->
    </test> <!-- Bank Manager Login Test -->
    <test started-at="2025-04-01T17:51:18 IST" name="Add Customer Test" finished-at="2025-04-01T17:51:31 IST" duration-ms="13140">
      <class name="com.w2a.testcases.AddCustomerTest">
        <test-method is-config="true" signature="setup()[pri:0, instance:com.w2a.testcases.AddCustomerTest@5f20155b]" started-at="2025-04-01T17:51:06 IST" name="setup" finished-at="2025-04-01T17:51:14 IST" duration-ms="7798" status="PASS">
          <reporter-output>
          </reporter-output>
        </test-method> <!-- setup -->
        <test-method signature="addCustomer(java.lang.String,java.lang.String,java.lang.String,java.lang.String)[pri:0, instance:com.w2a.testcases.AddCustomerTest@5f20155b]" started-at="2025-04-01T17:51:21 IST" name="addCustomer" data-provider="getData" finished-at="2025-04-01T17:51:31 IST" duration-ms="10632" status="PASS">
          <params>
            <param index="0">
              <value>
                <![CDATA[sachin]]>
              </value>
            </param>
            <param index="1">
              <value>
                <![CDATA[pawar]]>
              </value>
            </param>
            <param index="2">
              <value>
                <![CDATA[12456]]>
              </value>
            </param>
            <param index="3">
              <value>
                <![CDATA[Customer added successfully]]>
              </value>
            </param>
          </params>
          <reporter-output>
          </reporter-output>
        </test-method> <!-- addCustomer -->
        <test-method is-config="true" signature="teardown()[pri:0, instance:com.w2a.testcases.AddCustomerTest@5f20155b]" started-at="2025-04-01T17:51:31 IST" name="teardown" finished-at="2025-04-01T17:51:32 IST" duration-ms="423" status="PASS">
          <reporter-output>
          </reporter-output>
        </test-method> <!-- teardown -->
      </class> <!-- com.w2a.testcases.AddCustomerTest -->
    </test> <!-- Add Customer Test -->
  </suite> <!-- Data Driven Framework -->
</testng-results>
